0 info it worked if it ends with ok
1 verbose cli [ 'node', '/usr/local/bin/npm', 'version', 'patch' ]
2 info using npm@2.2.0
3 info using node@v0.10.35
4 verbose node symlink /usr/local/bin/node
5 info git [ 'status', '--porcelain' ]
6 verbose stack Error: Git working directory not clean.
6 verbose stack M dist/frzr.js
6 verbose stack     at /usr/local/lib/node_modules/npm/lib/version.js:138:37
6 verbose stack     at ChildProcess.exithandler (child_process.js:656:7)
6 verbose stack     at ChildProcess.emit (events.js:98:17)
6 verbose stack     at maybeClose (child_process.js:766:16)
6 verbose stack     at Socket.<anonymous> (child_process.js:979:11)
6 verbose stack     at Socket.emit (events.js:95:17)
6 verbose stack     at Pipe.close (net.js:466:12)
7 verbose cwd /Users/pakastin/projects/frzr
8 error Darwin 14.1.0
9 error argv "node" "/usr/local/bin/npm" "version" "patch"
10 error node v0.10.35
11 error npm  v2.2.0
12 error Git working directory not clean.
12 error M dist/frzr.js
13 error If you need help, you may report this error at:
13 error     <http://github.com/npm/npm/issues>
14 verbose exit [ 1, true ]
